# JRE version: Java(TM) SE Runtime Environment (17.0.12+8) (build 17.0.12+8-LTS-286)
# Java VM: Java HotSpot(TM) 64-Bit Server VM (17.0.12+8-LTS-286, mixed mode, sharing, tiered, compressed oops, compressed class ptrs, g1 gc, windows-amd64)
GC Precious Log:
 CPUs: 4 total, 4 available
 Memory: 16084M
 Large Page Support: Disabled
 NUMA Support: Disabled
 Compressed Oops: Enabled (32-bit)
 Heap Region Size: 1M
 Heap Min Capacity: 8M
 Heap Initial Capacity: 252M
 Heap Max Capacity: 2G
 Pre-touch: Disabled
 Parallel Workers: 4
 Concurrent Workers: 1
 Concurrent Refinement Workers: 4
 Periodic GC: Disabled
Heap:
 garbage-first heap   total 492544K, used 436397K [0x0000000080000000, 0x0000000100000000)
  region size 1024K, 18 young (18432K), 3 survivors (3072K)
 Metaspace       used 128604K, committed 130752K, reserved 557056K
  class space    used 17244K, committed 18240K, reserved 425984K
GC Heap History (20 events):
Event: 1833.206 GC heap before
{Heap before GC invocations=90 (full 0):
 garbage-first heap   total 492544K, used 430094K [0x0000000080000000, 0x0000000100000000)
  region size 1024K, 53 young (54272K), 5 survivors (5120K)
 Metaspace       used 128003K, committed 130048K, reserved 557056K
  class space    used 17220K, committed 18176K, reserved 425984K
}
Event: 1833.212 GC heap after
{Heap after GC invocations=91 (full 0):
 garbage-first heap   total 492544K, used 381738K [0x0000000080000000, 0x0000000100000000)
  region size 1024K, 3 young (3072K), 3 survivors (3072K)
 Metaspace       used 128003K, committed 130048K, reserved 557056K
  class space    used 17220K, committed 18176K, reserved 425984K
}
Event: 4093.219 GC heap before
{Heap before GC invocations=91 (full 0):
 garbage-first heap   total 492544K, used 433962K [0x0000000080000000, 0x0000000100000000)
  region size 1024K, 54 young (55296K), 3 survivors (3072K)
 Metaspace       used 128041K, committed 130112K, reserved 557056K
  class space    used 17220K, committed 18176K, reserved 425984K
}
Event: 4093.224 GC heap after
{Heap after GC invocations=92 (full 0):
 garbage-first heap   total 492544K, used 381809K [0x0000000080000000, 0x0000000100000000)
  region size 1024K, 3 young (3072K), 3 survivors (3072K)
 Metaspace       used 128041K, committed 130112K, reserved 557056K
  class space    used 17220K, committed 18176K, reserved 425984K
}
Event: 6413.219 GC heap before
{Heap before GC invocations=92 (full 0):
 garbage-first heap   total 492544K, used 435057K [0x0000000080000000, 0x0000000100000000)
  region size 1024K, 55 young (56320K), 3 survivors (3072K)
 Metaspace       used 128041K, committed 130112K, reserved 557056K
  class space    used 17220K, committed 18176K, reserved 425984K
}
Event: 6413.224 GC heap after
{Heap after GC invocations=93 (full 0):
 garbage-first heap   total 492544K, used 381726K [0x0000000080000000, 0x0000000100000000)
  region size 1024K, 3 young (3072K), 3 survivors (3072K)
 Metaspace       used 128041K, committed 130112K, reserved 557056K
  class space    used 17220K, committed 18176K, reserved 425984K
}
Event: 6945.076 GC heap before
{Heap before GC invocations=93 (full 0):
 garbage-first heap   total 492544K, used 435998K [0x0000000080000000, 0x0000000100000000)
  region size 1024K, 56 young (57344K), 3 survivors (3072K)
 Metaspace       used 128160K, committed 130240K, reserved 557056K
  class space    used 17225K, committed 18176K, reserved 425984K
}
Event: 6945.092 GC heap after
{Heap after GC invocations=94 (full 0):
 garbage-first heap   total 492544K, used 385796K [0x0000000080000000, 0x0000000100000000)
  region size 1024K, 7 young (7168K), 7 survivors (7168K)
 Metaspace       used 128160K, committed 130240K, reserved 557056K
  class space    used 17225K, committed 18176K, reserved 425984K
}
Event: 6956.436 GC heap before
{Heap before GC invocations=94 (full 0):
 garbage-first heap   total 492544K, used 432900K [0x0000000080000000, 0x0000000100000000)
  region size 1024K, 54 young (55296K), 7 survivors (7168K)
 Metaspace       used 128288K, committed 130432K, reserved 557056K
  class space    used 17236K, committed 18240K, reserved 425984K
}
Event: 6956.460 GC heap after
{Heap after GC invocations=95 (full 0):
 garbage-first heap   total 492544K, used 391988K [0x0000000080000000, 0x0000000100000000)
  region size 1024K, 7 young (7168K), 7 survivors (7168K)
 Metaspace       used 128288K, committed 130432K, reserved 557056K
  class space    used 17236K, committed 18240K, reserved 425984K
}
Event: 6958.423 GC heap before
{Heap before GC invocations=95 (full 0):
 garbage-first heap   total 492544K, used 431924K [0x0000000080000000, 0x0000000100000000)
  region size 1024K, 46 young (47104K), 7 survivors (7168K)
 Metaspace       used 128403K, committed 130496K, reserved 557056K
  class space    used 17238K, committed 18240K, reserved 425984K
}
Event: 6958.443 GC heap after
{Heap after GC invocations=96 (full 0):
 garbage-first heap   total 492544K, used 400814K [0x0000000080000000, 0x0000000100000000)
  region size 1024K, 6 young (6144K), 6 survivors (6144K)
 Metaspace       used 128403K, committed 130496K, reserved 557056K
  class space    used 17238K, committed 18240K, reserved 425984K
}
Event: 6958.751 GC heap before
{Heap before GC invocations=96 (full 0):
 garbage-first heap   total 492544K, used 429486K [0x0000000080000000, 0x0000000100000000)
  region size 1024K, 34 young (34816K), 6 survivors (6144K)
 Metaspace       used 128449K, committed 130560K, reserved 557056K
  class space    used 17240K, committed 18240K, reserved 425984K
}
Event: 6958.770 GC heap after
{Heap after GC invocations=97 (full 0):
 garbage-first heap   total 492544K, used 408976K [0x0000000080000000, 0x0000000100000000)
  region size 1024K, 5 young (5120K), 5 survivors (5120K)
 Metaspace       used 128449K, committed 130560K, reserved 557056K
  class space    used 17240K, committed 18240K, reserved 425984K
}
Event: 6958.993 GC heap before
{Heap before GC invocations=97 (full 0):
 garbage-first heap   total 492544K, used 429456K [0x0000000080000000, 0x0000000100000000)
  region size 1024K, 25 young (25600K), 5 survivors (5120K)
 Metaspace       used 128514K, committed 130688K, reserved 557056K
  class space    used 17240K, committed 18240K, reserved 425984K
}
Event: 6959.006 GC heap after
{Heap after GC invocations=98 (full 0):
 garbage-first heap   total 492544K, used 414521K [0x0000000080000000, 0x0000000100000000)
  region size 1024K, 4 young (4096K), 4 survivors (4096K)
 Metaspace       used 128514K, committed 130688K, reserved 557056K
  class space    used 17240K, committed 18240K, reserved 425984K
}
Event: 6959.237 GC heap before
{Heap before GC invocations=98 (full 0):
 garbage-first heap   total 492544K, used 435001K [0x0000000080000000, 0x0000000100000000)
  region size 1024K, 24 young (24576K), 4 survivors (4096K)
 Metaspace       used 128543K, committed 130688K, reserved 557056K
  class space    used 17242K, committed 18240K, reserved 425984K
}
Event: 6959.250 GC heap after
{Heap after GC invocations=99 (full 0):
 garbage-first heap   total 492544K, used 418816K [0x0000000080000000, 0x0000000100000000)
  region size 1024K, 3 young (3072K), 3 survivors (3072K)
 Metaspace       used 128543K, committed 130688K, reserved 557056K
  class space    used 17242K, committed 18240K, reserved 425984K
}
Event: 6959.488 GC heap before
{Heap before GC invocations=99 (full 0):
 garbage-first heap   total 492544K, used 440320K [0x0000000080000000, 0x0000000100000000)
  region size 1024K, 24 young (24576K), 3 survivors (3072K)
 Metaspace       used 128583K, committed 130752K, reserved 557056K
  class space    used 17243K, committed 18240K, reserved 425984K
}
Event: 6959.499 GC heap after
{Heap after GC invocations=100 (full 0):
 garbage-first heap   total 492544K, used 422061K [0x0000000080000000, 0x0000000100000000)
  region size 1024K, 3 young (3072K), 3 survivors (3072K)
 Metaspace       used 128583K, committed 130752K, reserved 557056K
  class space    used 17243K, committed 18240K, reserved 425984K
}

